<?xml version="1.0" encoding="UTF-8"?>
<!-- Generated by org.testng.reporters.JUnitXMLReporter -->
<testsuite hostname="DESKTOP-EUD6GE0" name="Default test" tests="1" failures="0" timestamp="25 Jan 2020 10:24:06 GMT" time="1.341" errors="0">
  <testcase name="@BeforeMethod openApplication" time="0.0" classname="scripts.TestLogin">
    <failure type="java.lang.IllegalStateException" message="The driver executable does not exist: C:\Users\Ram Mani Rai\eclipse-workspace\SeleniumPractice\.\driver\geckodriver.exe">
      <![CDATA[java.lang.IllegalStateException: The driver executable does not exist: C:\Users\Ram Mani Rai\eclipse-workspace\SeleniumPractice\.\driver\geckodriver.exe
	at com.google.common.base.Preconditions.checkState(Preconditions.java:585)
	at org.openqa.selenium.remote.service.DriverService.checkExecutable(DriverService.java:137)
	at org.openqa.selenium.remote.service.DriverService.findExecutable(DriverService.java:132)
	at org.openqa.selenium.firefox.GeckoDriverService.access$100(GeckoDriverService.java:43)
	at org.openqa.selenium.firefox.GeckoDriverService$Builder.findDefaultExecutable(GeckoDriverService.java:166)
	at org.openqa.selenium.remote.service.DriverService$Builder.build(DriverService.java:346)
	at org.openqa.selenium.firefox.FirefoxDriver.toExecutor(FirefoxDriver.java:168)
	at org.openqa.selenium.firefox.FirefoxDriver.<init>(FirefoxDriver.java:125)
	at org.openqa.selenium.firefox.FirefoxDriver.<init>(FirefoxDriver.java:103)
	at generic.BaseTest.openApplication(BaseTest.java:24)
	at sun.reflect.NativeMethodAccessorImpl.invoke0(Native Method)
	at sun.reflect.NativeMethodAccessorImpl.invoke(Unknown Source)
	at sun.reflect.DelegatingMethodAccessorImpl.invoke(Unknown Source)
	at java.lang.reflect.Method.invoke(Unknown Source)
	at org.testng.internal.MethodInvocationHelper.invokeMethod(MethodInvocationHelper.java:86)
	at org.testng.internal.Invoker.invokeConfigurationMethod(Invoker.java:514)
	at org.testng.internal.Invoker.invokeConfigurations(Invoker.java:215)
	at org.testng.internal.Invoker.invokeMethod(Invoker.java:589)
	at org.testng.internal.Invoker.invokeTestMethod(Invoker.java:822)
	at org.testng.internal.Invoker.invokeTestMethods(Invoker.java:1130)
	at org.testng.internal.TestMethodWorker.invokeTestMethods(TestMethodWorker.java:129)
	at org.testng.internal.TestMethodWorker.run(TestMethodWorker.java:112)
	at org.testng.TestRunner.privateRun(TestRunner.java:782)
	at org.testng.TestRunner.run(TestRunner.java:632)
	at org.testng.SuiteRunner.runTest(SuiteRunner.java:366)
	at org.testng.SuiteRunner.runSequentially(SuiteRunner.java:361)
	at org.testng.SuiteRunner.privateRun(SuiteRunner.java:319)
	at org.testng.SuiteRunner.run(SuiteRunner.java:268)
	at org.testng.SuiteRunnerWorker.runSuite(SuiteRunnerWorker.java:52)
	at org.testng.SuiteRunnerWorker.run(SuiteRunnerWorker.java:86)
	at org.testng.TestNG.runSuitesSequentially(TestNG.java:1244)
	at org.testng.TestNG.runSuitesLocally(TestNG.java:1169)
	at org.testng.TestNG.run(TestNG.java:1064)
	at org.testng.remote.RemoteTestNG.run(RemoteTestNG.java:113)
	at org.testng.remote.RemoteTestNG.initAndRun(RemoteTestNG.java:206)
	at org.testng.remote.RemoteTestNG.main(RemoteTestNG.java:177)
]]>
    </failure>
  </testcase> <!-- @BeforeMethod openApplication -->
  <testcase name="@AfterMethod closeApplication" time="0.0" classname="scripts.TestLogin">
    <skipped/>
  </testcase> <!-- @AfterMethod closeApplication -->
  <testcase name="testLogin" time="0.001" classname="scripts.TestLogin">
    <skipped/>
  </testcase> <!-- testLogin -->
</testsuite> <!-- Default test -->
