<?xml version="1.0" encoding="UTF-8"?>
<testng-results skipped="0" failed="0" total="1" passed="1">
  <reporter-output>
  </reporter-output>
  <suite name="Default suite" duration-ms="33815" started-at="2020-10-21T09:45:29Z" finished-at="2020-10-21T09:46:03Z">
    <groups>
    </groups>
    <test name="Default test" duration-ms="33815" started-at="2020-10-21T09:45:29Z" finished-at="2020-10-21T09:46:03Z">
      <class name="Work.Checking_Alert">
        <test-method status="PASS" signature="alert()[pri:0, instance:Work.Checking_Alert@dfd3711]" name="alert" duration-ms="33794" started-at="2020-10-21T15:15:29Z" finished-at="2020-10-21T15:16:03Z">
          <reporter-output>
          </reporter-output>
        </test-method> <!-- alert -->
      </class> <!-- Work.Checking_Alert -->
    </test> <!-- Default test -->
  </suite> <!-- Default suite -->
</testng-results>
